<?xml version="1.0" encoding="UTF-8"?>
<!-- Generated by org.testng.reporters.JUnitReportReporter -->
<testsuite hostname="Rakshi" failures="0" tests="4" name="Prithiv.Tests.EcomSubmitOrderTest" time="31.320" errors="0" timestamp="2024-08-05T23:28:20 IST" skipped="0">
  <testcase classname="Prithiv.Tests.EcomSubmitOrderTest" name="SubmitOrderTest" time="13.746"/>
  <system-out/>
  <testcase classname="Prithiv.Tests.EcomSubmitOrderTest" name="OrderHistoryTest" time="2.259"/>
  <system-out/>
  <testcase classname="Prithiv.Tests.EcomSubmitOrderTest" name="SubmitOrderTest" time="11.830"/>
  <system-out/>
  <testcase classname="Prithiv.Tests.EcomSubmitOrderTest" name="OrderHistoryTest" time="3.485"/>
  <system-out/>
</testsuite> <!-- Prithiv.Tests.EcomSubmitOrderTest -->
